<?xml version="1.0" encoding="UTF-8"?>
<testng-results skipped="0" failed="0" ignored="0" total="1" passed="1">
  <reporter-output>
  </reporter-output>
  <suite name="SearchTest" duration-ms="19506" started-at="2021-04-29T16:42:57 IST" finished-at="2021-04-29T16:43:17 IST">
    <groups>
    </groups>
    <test name="SearchTest" duration-ms="19506" started-at="2021-04-29T16:42:57 IST" finished-at="2021-04-29T16:43:17 IST">
      <class name="test.SearchTest">
        <test-method status="PASS" signature="beforeTest(java.lang.String)[pri:0, instance:test.SearchTest@23e028a9]" name="beforeTest" is-config="true" duration-ms="10309" started-at="2021-04-29T16:42:57 IST" finished-at="2021-04-29T16:43:08 IST">
          <params>
            <param index="0">
              <value>
                <![CDATA[chrome]]>
              </value>
            </param>
          </params>
          <reporter-output>
          </reporter-output>
        </test-method> <!-- beforeTest -->
        <test-method status="PASS" signature="beforeMethod(java.lang.reflect.Method)[pri:0, instance:test.SearchTest@23e028a9]" name="beforeMethod" is-config="true" duration-ms="16" started-at="2021-04-29T16:43:08 IST" finished-at="2021-04-29T16:43:08 IST">
          <params>
            <param index="0">
              <value>
                <![CDATA[public void test.SearchTest.login()]]>
              </value>
            </param>
          </params>
          <reporter-output>
          </reporter-output>
        </test-method> <!-- beforeMethod -->
        <test-method status="PASS" signature="login()[pri:0, instance:test.SearchTest@23e028a9]" name="login" duration-ms="5416" started-at="2021-04-29T16:43:08 IST" finished-at="2021-04-29T16:43:13 IST">
          <reporter-output>
          </reporter-output>
        </test-method> <!-- login -->
        <test-method status="PASS" signature="afterMethod(org.testng.ITestResult)[pri:0, instance:test.SearchTest@23e028a9]" name="afterMethod" is-config="true" duration-ms="14" started-at="2021-04-29T16:43:13 IST" finished-at="2021-04-29T16:43:13 IST">
          <params>
            <param index="0">
              <value>
                <![CDATA[[TestResult name=login status=SUCCESS method=SearchTest.login()[pri:0, instance:test.SearchTest@23e028a9] output={null}]]]>
              </value>
            </param>
          </params>
          <reporter-output>
          </reporter-output>
        </test-method> <!-- afterMethod -->
        <test-method status="PASS" signature="afterTest()[pri:0, instance:test.SearchTest@23e028a9]" name="afterTest" is-config="true" duration-ms="3613" started-at="2021-04-29T16:43:13 IST" finished-at="2021-04-29T16:43:17 IST">
          <reporter-output>
          </reporter-output>
        </test-method> <!-- afterTest -->
      </class> <!-- test.SearchTest -->
    </test> <!-- SearchTest -->
  </suite> <!-- SearchTest -->
</testng-results>
